<?xml version="1.0" encoding="UTF-8"?>
<!-- Generated by org.testng.reporters.JUnitXMLReporter -->
<testsuite hostname="DESKTOP-KAL629A" ignored="0" tests="10" failures="0" timestamp="2022-06-17T19:36:58 IST" time="23.596" errors="0">
  <testcase name="registerData" time="6.14" classname="DemoWebShop"/>
  <testcase name="loginData" time="3.079" classname="DemoWebShop"/>
  <testcase name="addTocard" time="3.102" classname="DemoWebShop"/>
  <testcase name="cheakOut" time="1.983" classname="DemoWebShop"/>
  <testcase name="bilingAddress" time="0.694" classname="DemoWebShop"/>
  <testcase name="shipingAddress" time="0.987" classname="DemoWebShop"/>
  <testcase name="paymentMethod" time="0.445" classname="DemoWebShop"/>
  <testcase name="paymentInformation" time="0.387" classname="DemoWebShop"/>
  <testcase name="confirmOrder" time="0.356" classname="DemoWebShop"/>
  <testcase name="orderDetails" time="2.835" classname="DemoWebShop"/>
</testsuite>
