<?xml version="1.0" encoding="UTF-8"?>
<!-- Generated by org.testng.reporters.JUnitXMLReporter -->
<testsuite hostname="DESKTOP-KAL629A" ignored="0" tests="10" failures="0" timestamp="2022-06-17T19:07:11 IST" time="25.033" errors="0">
  <testcase name="registerData" time="7.411" classname="DemoWebShop"/>
  <testcase name="loginData" time="2.63" classname="DemoWebShop"/>
  <testcase name="addTocard" time="2.853" classname="DemoWebShop"/>
  <testcase name="cheakOut" time="1.997" classname="DemoWebShop"/>
  <testcase name="bilingAddress" time="0.935" classname="DemoWebShop"/>
  <testcase name="shipingAddress" time="1.13" classname="DemoWebShop"/>
  <testcase name="paymentMethod" time="0.581" classname="DemoWebShop"/>
  <testcase name="paymentInformation" time="0.362" classname="DemoWebShop"/>
  <testcase name="confirmOrder" time="0.364" classname="DemoWebShop"/>
  <testcase name="orderDetails" time="3.093" classname="DemoWebShop"/>
</testsuite>
